2025-08-12 19:13:04.343 - RealTimeSTT: realtimestt - INFO - Starting RealTimeSTT
2025-08-12 19:13:04.350 - RealTimeSTT: realtimestt - INFO - Initializing audio recording (creating pyAudio input stream, sample rate: 16000 buffer size: 512
2025-08-12 19:13:04.355 - RealTimeSTT: realtimestt - INFO - Initializing WebRTC voice with Sensitivity 3
2025-08-12 19:13:04.356 - RealTimeSTT: realtimestt - DEBUG - WebRTC VAD voice activity detection engine initialized successfully
2025-08-12 19:13:11.507 - RealTimeSTT: realtimestt - DEBUG - Silero VAD voice activity detection engine initialized successfully
2025-08-12 19:13:11.509 - RealTimeSTT: realtimestt - DEBUG - Starting realtime worker
2025-08-12 19:13:11.509 - RealTimeSTT: realtimestt - DEBUG - Waiting for main transcription model to start
2025-08-12 21:43:05.872 - RealTimeSTT: realtimestt - INFO - Starting RealTimeSTT
2025-08-12 21:43:05.881 - RealTimeSTT: realtimestt - INFO - Initializing audio recording (creating pyAudio input stream, sample rate: 16000 buffer size: 512
2025-08-12 21:43:05.888 - RealTimeSTT: realtimestt - INFO - Initializing WebRTC voice with Sensitivity 3
2025-08-12 21:43:05.888 - RealTimeSTT: realtimestt - DEBUG - WebRTC VAD voice activity detection engine initialized successfully
2025-08-12 21:43:07.433 - RealTimeSTT: realtimestt - DEBUG - Silero VAD voice activity detection engine initialized successfully
2025-08-12 21:43:07.493 - RealTimeSTT: realtimestt - DEBUG - Starting realtime worker
2025-08-12 21:43:07.493 - RealTimeSTT: realtimestt - DEBUG - Waiting for main transcription model to start
2025-08-12 21:43:50.313 - RealTimeSTT: realtimestt - DEBUG - Main transcription model ready
2025-08-12 21:43:50.318 - RealTimeSTT: realtimestt - DEBUG - RealtimeSTT initialization completed successfully
2025-08-12 21:43:50.319 - RealTimeSTT: realtimestt - INFO - Setting listen time
2025-08-12 21:43:50.319 - RealTimeSTT: realtimestt - INFO - State changed from 'inactive' to 'listening'
2025-08-12 21:43:50.970 - RealTimeSTT: realtimestt - DEBUG - Waiting for recording start
2025-08-12 21:43:53.422 - RealTimeSTT: realtimestt - INFO - voice activity detected
2025-08-12 21:43:53.422 - RealTimeSTT: realtimestt - INFO - recording started
2025-08-12 21:43:53.422 - RealTimeSTT: realtimestt - INFO - State changed from 'listening' to 'recording'
2025-08-12 21:43:53.422 - RealTimeSTT: realtimestt - DEBUG - Waiting for recording stop
2025-08-12 21:43:55.984 - RealTimeSTT: realtimestt - INFO - recording stopped
2025-08-12 21:43:55.988 - RealTimeSTT: realtimestt - DEBUG - No samples removed, final audio length: 57344
2025-08-12 21:43:55.989 - RealTimeSTT: realtimestt - INFO - State changed from 'recording' to 'inactive'
2025-08-12 21:43:55.996 - RealTimeSTT: realtimestt - INFO - State changed from 'inactive' to 'transcribing'
2025-08-12 21:43:55.998 - RealTimeSTT: realtimestt - DEBUG - Adding transcription request, no early transcription started
2025-08-12 21:43:56.011 - RealTimeSTT: realtimestt - DEBUG - Receive from parent_transcription_pipe after sendiung transcription request, transcribe_count: 1
2025-08-12 21:43:56.114 - RealTimeSTT: realtimestt - DEBUG - Receive from parent_transcription_pipe after sendiung transcription request, transcribe_count: 1
2025-08-12 21:43:56.224 - RealTimeSTT: realtimestt - DEBUG - Receive from parent_transcription_pipe after sendiung transcription request, transcribe_count: 1
2025-08-12 21:43:56.336 - RealTimeSTT: realtimestt - DEBUG - Receive from parent_transcription_pipe after sendiung transcription request, transcribe_count: 1
2025-08-12 21:43:56.447 - RealTimeSTT: realtimestt - DEBUG - Receive from parent_transcription_pipe after sendiung transcription request, transcribe_count: 1
2025-08-12 21:43:56.554 - RealTimeSTT: realtimestt - DEBUG - Receive from parent_transcription_pipe after sendiung transcription request, transcribe_count: 1
2025-08-12 21:43:56.663 - RealTimeSTT: realtimestt - DEBUG - Receive from parent_transcription_pipe after sendiung transcription request, transcribe_count: 1
2025-08-12 21:43:56.771 - RealTimeSTT: realtimestt - DEBUG - Receive from parent_transcription_pipe after sendiung transcription request, transcribe_count: 1
2025-08-12 21:43:56.879 - RealTimeSTT: realtimestt - DEBUG - Receive from parent_transcription_pipe after sendiung transcription request, transcribe_count: 1
2025-08-12 21:43:56.986 - RealTimeSTT: realtimestt - DEBUG - Receive from parent_transcription_pipe after sendiung transcription request, transcribe_count: 1
2025-08-12 21:43:57.094 - RealTimeSTT: realtimestt - DEBUG - Receive from parent_transcription_pipe after sendiung transcription request, transcribe_count: 1
2025-08-12 21:43:57.200 - RealTimeSTT: realtimestt - DEBUG - Receive from parent_transcription_pipe after sendiung transcription request, transcribe_count: 1
2025-08-12 21:43:57.310 - RealTimeSTT: realtimestt - DEBUG - Receive from parent_transcription_pipe after sendiung transcription request, transcribe_count: 1
2025-08-12 21:43:57.422 - RealTimeSTT: realtimestt - DEBUG - Receive from parent_transcription_pipe after sendiung transcription request, transcribe_count: 1
2025-08-12 21:43:57.465 - RealTimeSTT: realtimestt - INFO - State changed from 'transcribing' to 'inactive'
2025-08-12 21:43:57.477 - RealTimeSTT: realtimestt - DEBUG - Model tiny completed transcription in 1.48 seconds
2025-08-12 21:43:57.478 - RealTimeSTT: realtimestt - INFO - Setting listen time
2025-08-12 21:43:57.480 - RealTimeSTT: realtimestt - INFO - State changed from 'inactive' to 'listening'
2025-08-12 21:43:57.481 - RealTimeSTT: realtimestt - DEBUG - Waiting for recording start
2025-08-12 21:44:01.353 - RealTimeSTT: realtimestt - INFO - voice activity detected
2025-08-12 21:44:01.353 - RealTimeSTT: realtimestt - INFO - recording started
2025-08-12 21:44:01.353 - RealTimeSTT: realtimestt - INFO - State changed from 'listening' to 'recording'
2025-08-12 21:44:01.354 - RealTimeSTT: realtimestt - DEBUG - Waiting for recording stop
2025-08-12 21:44:02.733 - RealTimeSTT: realtimestt - INFO - recording stopped
2025-08-12 21:44:02.736 - RealTimeSTT: realtimestt - DEBUG - No samples removed, final audio length: 37888
2025-08-12 21:44:02.736 - RealTimeSTT: realtimestt - INFO - State changed from 'recording' to 'inactive'
2025-08-12 21:44:02.801 - RealTimeSTT: realtimestt - INFO - State changed from 'inactive' to 'transcribing'
2025-08-12 21:44:02.803 - RealTimeSTT: realtimestt - DEBUG - Adding transcription request, no early transcription started
2025-08-12 21:44:02.804 - RealTimeSTT: realtimestt - DEBUG - Receive from parent_transcription_pipe after sendiung transcription request, transcribe_count: 1
2025-08-12 21:44:02.909 - RealTimeSTT: realtimestt - DEBUG - Receive from parent_transcription_pipe after sendiung transcription request, transcribe_count: 1
2025-08-12 21:44:03.017 - RealTimeSTT: realtimestt - DEBUG - Receive from parent_transcription_pipe after sendiung transcription request, transcribe_count: 1
2025-08-12 21:44:03.128 - RealTimeSTT: realtimestt - DEBUG - Receive from parent_transcription_pipe after sendiung transcription request, transcribe_count: 1
2025-08-12 21:44:03.240 - RealTimeSTT: realtimestt - DEBUG - Receive from parent_transcription_pipe after sendiung transcription request, transcribe_count: 1
2025-08-12 21:44:03.351 - RealTimeSTT: realtimestt - DEBUG - Receive from parent_transcription_pipe after sendiung transcription request, transcribe_count: 1
2025-08-12 21:44:03.462 - RealTimeSTT: realtimestt - DEBUG - Receive from parent_transcription_pipe after sendiung transcription request, transcribe_count: 1
2025-08-12 21:44:03.577 - RealTimeSTT: realtimestt - DEBUG - Receive from parent_transcription_pipe after sendiung transcription request, transcribe_count: 1
2025-08-12 21:44:03.685 - RealTimeSTT: realtimestt - DEBUG - Receive from parent_transcription_pipe after sendiung transcription request, transcribe_count: 1
2025-08-12 21:44:03.795 - RealTimeSTT: realtimestt - DEBUG - Receive from parent_transcription_pipe after sendiung transcription request, transcribe_count: 1
2025-08-12 21:44:03.907 - RealTimeSTT: realtimestt - DEBUG - Receive from parent_transcription_pipe after sendiung transcription request, transcribe_count: 1
2025-08-12 21:44:04.018 - RealTimeSTT: realtimestt - DEBUG - Receive from parent_transcription_pipe after sendiung transcription request, transcribe_count: 1
2025-08-12 21:44:04.128 - RealTimeSTT: realtimestt - DEBUG - Receive from parent_transcription_pipe after sendiung transcription request, transcribe_count: 1
2025-08-12 21:44:04.237 - RealTimeSTT: realtimestt - DEBUG - Receive from parent_transcription_pipe after sendiung transcription request, transcribe_count: 1
2025-08-12 21:44:04.242 - RealTimeSTT: realtimestt - INFO - State changed from 'transcribing' to 'inactive'
2025-08-12 21:44:04.277 - RealTimeSTT: realtimestt - DEBUG - Model tiny completed transcription in 1.47 seconds
2025-08-12 21:44:04.278 - RealTimeSTT: realtimestt - INFO - Setting listen time
2025-08-12 21:44:04.279 - RealTimeSTT: realtimestt - INFO - State changed from 'inactive' to 'listening'
2025-08-12 21:44:04.281 - RealTimeSTT: realtimestt - DEBUG - Waiting for recording start
2025-08-12 21:44:09.226 - RealTimeSTT: realtimestt - INFO - KeyboardInterrupt in wait_audio, shutting down
2025-08-12 21:44:09.226 - RealTimeSTT: realtimestt - DEBUG - Finishing recording thread
2025-08-12 21:44:09.241 - RealTimeSTT: realtimestt - DEBUG - Receive from stdout pipe
2025-08-12 21:44:09.241 - RealTimeSTT: realtimestt - DEBUG - Terminating reader process
2025-08-12 21:44:09.242 - RealTimeSTT: realtimestt - INFO - None
2025-08-12 21:44:10.268 - RealTimeSTT: realtimestt - DEBUG - Terminating transcription process
2025-08-12 21:44:10.269 - RealTimeSTT: realtimestt - DEBUG - Finishing realtime thread
2025-08-12 21:44:10.407 - RealTimeSTT: realtimestt - INFO - KeyboardInterrupt in text() method
2025-08-12 21:52:47.269 - RealTimeSTT: realtimestt - INFO - Starting RealTimeSTT
2025-08-12 21:52:47.276 - RealTimeSTT: realtimestt - INFO - Initializing audio recording (creating pyAudio input stream, sample rate: 16000 buffer size: 512
2025-08-12 21:52:47.281 - RealTimeSTT: realtimestt - INFO - Initializing WebRTC voice with Sensitivity 3
2025-08-12 21:52:47.281 - RealTimeSTT: realtimestt - DEBUG - WebRTC VAD voice activity detection engine initialized successfully
2025-08-12 21:52:48.107 - RealTimeSTT: realtimestt - DEBUG - Silero VAD voice activity detection engine initialized successfully
2025-08-12 21:52:48.108 - RealTimeSTT: realtimestt - DEBUG - Starting realtime worker
2025-08-12 21:52:48.108 - RealTimeSTT: realtimestt - DEBUG - Waiting for main transcription model to start
2025-08-12 21:52:56.650 - RealTimeSTT: realtimestt - DEBUG - Main transcription model ready
2025-08-12 21:52:56.651 - RealTimeSTT: realtimestt - DEBUG - RealtimeSTT initialization completed successfully
2025-08-12 21:52:56.651 - RealTimeSTT: realtimestt - INFO - Setting listen time
2025-08-12 21:52:56.651 - RealTimeSTT: realtimestt - INFO - State changed from 'inactive' to 'listening'
2025-08-12 21:52:57.269 - RealTimeSTT: realtimestt - DEBUG - Waiting for recording start
2025-08-12 21:52:58.930 - RealTimeSTT: realtimestt - INFO - voice activity detected
2025-08-12 21:52:58.930 - RealTimeSTT: realtimestt - INFO - recording started
2025-08-12 21:52:58.931 - RealTimeSTT: realtimestt - INFO - State changed from 'listening' to 'recording'
2025-08-12 21:52:58.931 - RealTimeSTT: realtimestt - DEBUG - Waiting for recording stop
2025-08-12 21:53:00.662 - RealTimeSTT: realtimestt - INFO - recording stopped
2025-08-12 21:53:00.666 - RealTimeSTT: realtimestt - DEBUG - No samples removed, final audio length: 44032
2025-08-12 21:53:00.667 - RealTimeSTT: realtimestt - INFO - State changed from 'recording' to 'inactive'
2025-08-12 21:53:00.770 - RealTimeSTT: realtimestt - INFO - State changed from 'inactive' to 'transcribing'
2025-08-12 21:53:00.772 - RealTimeSTT: realtimestt - DEBUG - Adding transcription request, no early transcription started
2025-08-12 21:53:00.780 - RealTimeSTT: realtimestt - DEBUG - Receive from parent_transcription_pipe after sendiung transcription request, transcribe_count: 1
2025-08-12 21:53:00.884 - RealTimeSTT: realtimestt - DEBUG - Receive from parent_transcription_pipe after sendiung transcription request, transcribe_count: 1
2025-08-12 21:53:00.992 - RealTimeSTT: realtimestt - DEBUG - Receive from parent_transcription_pipe after sendiung transcription request, transcribe_count: 1
2025-08-12 21:53:01.102 - RealTimeSTT: realtimestt - DEBUG - Receive from parent_transcription_pipe after sendiung transcription request, transcribe_count: 1
2025-08-12 21:53:01.209 - RealTimeSTT: realtimestt - DEBUG - Receive from parent_transcription_pipe after sendiung transcription request, transcribe_count: 1
2025-08-12 21:53:01.321 - RealTimeSTT: realtimestt - DEBUG - Receive from parent_transcription_pipe after sendiung transcription request, transcribe_count: 1
2025-08-12 21:53:01.432 - RealTimeSTT: realtimestt - DEBUG - Receive from parent_transcription_pipe after sendiung transcription request, transcribe_count: 1
2025-08-12 21:53:01.541 - RealTimeSTT: realtimestt - DEBUG - Receive from parent_transcription_pipe after sendiung transcription request, transcribe_count: 1
2025-08-12 21:53:01.653 - RealTimeSTT: realtimestt - DEBUG - Receive from parent_transcription_pipe after sendiung transcription request, transcribe_count: 1
2025-08-12 21:53:01.764 - RealTimeSTT: realtimestt - DEBUG - Receive from parent_transcription_pipe after sendiung transcription request, transcribe_count: 1
2025-08-12 21:53:01.876 - RealTimeSTT: realtimestt - DEBUG - Receive from parent_transcription_pipe after sendiung transcription request, transcribe_count: 1
2025-08-12 21:53:01.993 - RealTimeSTT: realtimestt - DEBUG - Receive from parent_transcription_pipe after sendiung transcription request, transcribe_count: 1
2025-08-12 21:53:02.096 - RealTimeSTT: realtimestt - DEBUG - Receive from parent_transcription_pipe after sendiung transcription request, transcribe_count: 1
2025-08-12 21:53:02.206 - RealTimeSTT: realtimestt - DEBUG - Receive from parent_transcription_pipe after sendiung transcription request, transcribe_count: 1
2025-08-12 21:53:02.237 - RealTimeSTT: realtimestt - INFO - State changed from 'transcribing' to 'inactive'
2025-08-12 21:53:02.266 - RealTimeSTT: realtimestt - DEBUG - Model tiny completed transcription in 1.49 seconds
2025-08-12 21:53:02.267 - RealTimeSTT: realtimestt - INFO - Setting listen time
2025-08-12 21:53:02.269 - RealTimeSTT: realtimestt - INFO - State changed from 'inactive' to 'listening'
2025-08-12 21:53:02.270 - RealTimeSTT: realtimestt - DEBUG - Waiting for recording start
2025-08-12 21:53:23.534 - RealTimeSTT: realtimestt - INFO - KeyboardInterrupt in wait_audio, shutting down
2025-08-12 21:53:23.535 - RealTimeSTT: realtimestt - DEBUG - Receive from stdout pipe
2025-08-12 21:53:23.535 - RealTimeSTT: realtimestt - DEBUG - Finishing recording thread
2025-08-12 21:53:23.535 - RealTimeSTT: realtimestt - INFO - None
2025-08-12 21:53:23.549 - RealTimeSTT: realtimestt - DEBUG - Terminating reader process
2025-08-12 21:53:24.447 - RealTimeSTT: realtimestt - DEBUG - Terminating transcription process
2025-08-12 21:53:24.448 - RealTimeSTT: realtimestt - DEBUG - Finishing realtime thread
2025-08-12 21:53:24.546 - RealTimeSTT: realtimestt - INFO - KeyboardInterrupt in text() method
